-------------------------------------------------------------------------------
Test set: com.alibaba.easyexcel.test.core.sort.SortDataTest
-------------------------------------------------------------------------------
Tests run: 4, Failures: 0, Errors: 1, Skipped: 0, Time elapsed: 0.421 sec <<< FAILURE!
t04ReadAndWriteNoHead03(com.alibaba.easyexcel.test.core.sort.SortDataTest)  Time elapsed: 0.014 sec  <<< ERROR!
org.apache.poi.util.RecordFormatException: Unable to construct record instance
	at org.apache.poi.hssf.record.RecordFactory$ReflectionConstructorRecordCreator.create(RecordFactory.java:98)
	at org.apache.poi.hssf.record.RecordFactory.createSingleRecord(RecordFactory.java:345)
	at org.apache.poi.hssf.record.RecordFactoryInputStream.readNextRecord(RecordFactoryInputStream.java:289)
	at org.apache.poi.hssf.record.RecordFactoryInputStream.nextRecord(RecordFactoryInputStream.java:255)
	at org.apache.poi.hssf.eventusermodel.HSSFEventFactory.genericProcessEvents(HSSFEventFactory.java:175)
	at org.apache.poi.hssf.eventusermodel.HSSFEventFactory.processEvents(HSSFEventFactory.java:136)
	at org.apache.poi.hssf.eventusermodel.HSSFEventFactory.processWorkbookEvents(HSSFEventFactory.java:82)
	at org.apache.poi.hssf.eventusermodel.HSSFEventFactory.processWorkbookEvents(HSSFEventFactory.java:54)
	at com.alibaba.excel.analysis.v03.XlsSaxAnalyser.execute(XlsSaxAnalyser.java:137)
	at com.alibaba.excel.analysis.ExcelAnalyserImpl.analysis(ExcelAnalyserImpl.java:115)
	at com.alibaba.excel.ExcelReader.read(ExcelReader.java:182)
	at com.alibaba.excel.ExcelReader.read(ExcelReader.java:172)
	at com.alibaba.excel.read.builder.ExcelReaderSheetBuilder.doReadSync(ExcelReaderSheetBuilder.java:80)
	at com.alibaba.easyexcel.test.core.sort.SortDataTest.readAndWriteNoHead(SortDataTest.java:75)
	at com.alibaba.easyexcel.test.core.sort.SortDataTest.t04ReadAndWriteNoHead03(SortDataTest.java:54)
	at sun.reflect.NativeMethodAccessorImpl.invoke0(Native Method)
	at sun.reflect.NativeMethodAccessorImpl.invoke(NativeMethodAccessorImpl.java:62)
	at sun.reflect.DelegatingMethodAccessorImpl.invoke(DelegatingMethodAccessorImpl.java:43)
	at java.lang.reflect.Method.invoke(Method.java:498)
	at org.junit.runners.model.FrameworkMethod$1.runReflectiveCall(FrameworkMethod.java:50)
	at org.junit.internal.runners.model.ReflectiveCallable.run(ReflectiveCallable.java:12)
	at org.junit.runners.model.FrameworkMethod.invokeExplosively(FrameworkMethod.java:47)
	at org.junit.internal.runners.statements.InvokeMethod.evaluate(InvokeMethod.java:17)
	at org.junit.runners.ParentRunner.runLeaf(ParentRunner.java:325)
	at org.junit.runners.BlockJUnit4ClassRunner.runChild(BlockJUnit4ClassRunner.java:78)
	at org.junit.runners.BlockJUnit4ClassRunner.runChild(BlockJUnit4ClassRunner.java:57)
	at org.junit.runners.ParentRunner$3.run(ParentRunner.java:290)
	at org.junit.runners.ParentRunner$1.schedule(ParentRunner.java:71)
	at org.junit.runners.ParentRunner.runChildren(ParentRunner.java:288)
	at org.junit.runners.ParentRunner.access$000(ParentRunner.java:58)
	at org.junit.runners.ParentRunner$2.evaluate(ParentRunner.java:268)
	at org.junit.internal.runners.statements.RunBefores.evaluate(RunBefores.java:26)
	at org.junit.runners.ParentRunner.run(ParentRunner.java:363)
	at org.apache.maven.surefire.junit4.JUnit4Provider.execute(JUnit4Provider.java:252)
	at org.apache.maven.surefire.junit4.JUnit4Provider.executeTestSet(JUnit4Provider.java:141)
	at org.apache.maven.surefire.junit4.JUnit4Provider.invoke(JUnit4Provider.java:112)
	at sun.reflect.NativeMethodAccessorImpl.invoke0(Native Method)
	at sun.reflect.NativeMethodAccessorImpl.invoke(NativeMethodAccessorImpl.java:62)
	at sun.reflect.DelegatingMethodAccessorImpl.invoke(DelegatingMethodAccessorImpl.java:43)
	at java.lang.reflect.Method.invoke(Method.java:498)
	at org.apache.maven.surefire.util.ReflectionUtils.invokeMethodWithArray(ReflectionUtils.java:189)
	at org.apache.maven.surefire.booter.ProviderFactory$ProviderProxy.invoke(ProviderFactory.java:165)
	at org.apache.maven.surefire.booter.ProviderFactory.invokeProvider(ProviderFactory.java:85)
	at org.apache.maven.surefire.booter.ForkedBooter.runSuitesInProcess(ForkedBooter.java:115)
	at org.apache.maven.surefire.booter.ForkedBooter.main(ForkedBooter.java:75)
Caused by: java.lang.IndexOutOfBoundsException: Block 3 not found
	at org.apache.poi.poifs.filesystem.NPOIFSFileSystem.getBlockAt(NPOIFSFileSystem.java:479)
	at org.apache.poi.poifs.filesystem.NPOIFSStream$StreamBlockByteBufferIterator.next(NPOIFSStream.java:169)
	at org.apache.poi.poifs.filesystem.NPOIFSStream$StreamBlockByteBufferIterator.next(NPOIFSStream.java:142)
	at org.apache.poi.poifs.filesystem.NPOIFSMiniStore.getBlockAt(NPOIFSMiniStore.java:71)
	at org.apache.poi.poifs.filesystem.NPOIFSStream$StreamBlockByteBufferIterator.next(NPOIFSStream.java:169)
	at org.apache.poi.poifs.filesystem.NPOIFSStream$StreamBlockByteBufferIterator.next(NPOIFSStream.java:142)
	at org.apache.poi.poifs.filesystem.NDocumentInputStream.readFully(NDocumentInputStream.java:264)
	at org.apache.poi.poifs.filesystem.NDocumentInputStream.readUShort(NDocumentInputStream.java:312)
	at org.apache.poi.poifs.filesystem.DocumentInputStream.readUShort(DocumentInputStream.java:182)
	at org.apache.poi.poifs.filesystem.DocumentInputStream.readShort(DocumentInputStream.java:157)
	at org.apache.poi.hssf.record.RecordInputStream.readShort(RecordInputStream.java:259)
	at org.apache.poi.hssf.record.FontRecord.<init>(FontRecord.java:70)
	at sun.reflect.GeneratedConstructorAccessor38.newInstance(Unknown Source)
	at sun.reflect.DelegatingConstructorAccessorImpl.newInstance(DelegatingConstructorAccessorImpl.java:45)
	at java.lang.reflect.Constructor.newInstance(Constructor.java:423)
	at org.apache.poi.hssf.record.RecordFactory$ReflectionConstructorRecordCreator.create(RecordFactory.java:84)
	... 44 more
Caused by: java.lang.IndexOutOfBoundsException: Position 2048 past the end of the file
	at org.apache.poi.poifs.nio.FileBackedDataSource.read(FileBackedDataSource.java:88)
	at org.apache.poi.poifs.filesystem.NPOIFSFileSystem.getBlockAt(NPOIFSFileSystem.java:477)
	... 59 more

