<?xml version="1.0" encoding="UTF-8" ?>
<testsuite tests="4" failures="0" name="com.alibaba.easyexcel.test.core.encrypt.EncryptDataTest" time="3.28" errors="1" skipped="0">
  <properties>
[...]
</properties>
  <testcase classname="com.alibaba.easyexcel.test.core.encrypt.EncryptDataTest" name="t01ReadAndWrite07" time="2.235">
    <error message="Can not close IO." type="com.alibaba.excel.exception.ExcelGenerateException">com.alibaba.excel.exception.ExcelGenerateException: Can not close IO.
	at com.alibaba.excel.context.WriteContextImpl.finish(WriteContextImpl.java:378)
	at com.alibaba.excel.write.ExcelBuilderImpl.finish(ExcelBuilderImpl.java:95)
	at com.alibaba.excel.ExcelWriter.finish(ExcelWriter.java:329)
	at com.alibaba.excel.write.builder.ExcelWriterSheetBuilder.doWrite(ExcelWriterSheetBuilder.java:62)
	at com.alibaba.easyexcel.test.core.encrypt.EncryptDataTest.readAndWrite(EncryptDataTest.java:60)
	at com.alibaba.easyexcel.test.core.encrypt.EncryptDataTest.t01ReadAndWrite07(EncryptDataTest.java:41)
	at sun.reflect.NativeMethodAccessorImpl.invoke0(Native Method)
	at sun.reflect.NativeMethodAccessorImpl.invoke(NativeMethodAccessorImpl.java:62)
	at sun.reflect.DelegatingMethodAccessorImpl.invoke(DelegatingMethodAccessorImpl.java:43)
	at java.lang.reflect.Method.invoke(Method.java:498)
	at org.junit.runners.model.FrameworkMethod$1.runReflectiveCall(FrameworkMethod.java:50)
	at org.junit.internal.runners.model.ReflectiveCallable.run(ReflectiveCallable.java:12)
	at org.junit.runners.model.FrameworkMethod.invokeExplosively(FrameworkMethod.java:47)
	at org.junit.internal.runners.statements.InvokeMethod.evaluate(InvokeMethod.java:17)
	at org.junit.runners.ParentRunner.runLeaf(ParentRunner.java:325)
	at org.junit.runners.BlockJUnit4ClassRunner.runChild(BlockJUnit4ClassRunner.java:78)
	at org.junit.runners.BlockJUnit4ClassRunner.runChild(BlockJUnit4ClassRunner.java:57)
	at org.junit.runners.ParentRunner$3.run(ParentRunner.java:290)
	at org.junit.runners.ParentRunner$1.schedule(ParentRunner.java:71)
	at org.junit.runners.ParentRunner.runChildren(ParentRunner.java:288)
	at org.junit.runners.ParentRunner.access$000(ParentRunner.java:58)
	at org.junit.runners.ParentRunner$2.evaluate(ParentRunner.java:268)
	at org.junit.internal.runners.statements.RunBefores.evaluate(RunBefores.java:26)
	at org.junit.runners.ParentRunner.run(ParentRunner.java:363)
	at org.apache.maven.surefire.junit4.JUnit4Provider.execute(JUnit4Provider.java:252)
	at org.apache.maven.surefire.junit4.JUnit4Provider.executeTestSet(JUnit4Provider.java:141)
	at org.apache.maven.surefire.junit4.JUnit4Provider.invoke(JUnit4Provider.java:112)
	at sun.reflect.NativeMethodAccessorImpl.invoke0(Native Method)
	at sun.reflect.NativeMethodAccessorImpl.invoke(NativeMethodAccessorImpl.java:62)
	at sun.reflect.DelegatingMethodAccessorImpl.invoke(DelegatingMethodAccessorImpl.java:43)
	at java.lang.reflect.Method.invoke(Method.java:498)
	at org.apache.maven.surefire.util.ReflectionUtils.invokeMethodWithArray(ReflectionUtils.java:189)
	at org.apache.maven.surefire.booter.ProviderFactory$ProviderProxy.invoke(ProviderFactory.java:165)
	at org.apache.maven.surefire.booter.ProviderFactory.invokeProvider(ProviderFactory.java:85)
	at org.apache.maven.surefire.booter.ForkedBooter.runSuitesInProcess(ForkedBooter.java:115)
	at org.apache.maven.surefire.booter.ForkedBooter.main(ForkedBooter.java:75)
Caused by: org.apache.poi.openxml4j.exceptions.OLE2NotOfficeXmlFileException: The supplied data appears to be in the OLE2 Format. You are calling the part of POI that deals with OOXML (Office Open XML) Documents. You need to call a different part of POI to process this data (eg HSSF instead of XSSF)
	at org.apache.poi.openxml4j.opc.internal.ZipHelper.verifyZipHeader(ZipHelper.java:179)
	at org.apache.poi.openxml4j.opc.internal.ZipHelper.openZipFile(ZipHelper.java:237)
	at org.apache.poi.openxml4j.opc.ZipPackage.&lt;init&gt;(ZipPackage.java:134)
	at org.apache.poi.openxml4j.opc.OPCPackage.open(OPCPackage.java:295)
	at com.alibaba.excel.context.WriteContextImpl.openFileSystemAndEncrypt(WriteContextImpl.java:492)
	at com.alibaba.excel.context.WriteContextImpl.doFileEncrypt07(WriteContextImpl.java:473)
	at com.alibaba.excel.context.WriteContextImpl.finish(WriteContextImpl.java:363)
	... 35 more
</error>
    <system-out>2020-12-05 11:07:42.510 DEBUG [main] com.alibaba.excel.context.WriteContextImpl:80 - Begin to Initialization &apos;WriteContextImpl&apos;
2020-12-05 11:07:42.511 DEBUG [main] com.alibaba.excel.metadata.property.ExcelHeadProperty:92 - The initialization sheet/table &apos;ExcelHeadProperty&apos; is complete , head kind is CLASS
2020-12-05 11:07:42.513 DEBUG [main] com.alibaba.excel.context.WriteContextImpl:99 - CurrentConfiguration is writeWorkbookHolder
2020-12-05 11:07:42.530 DEBUG [main] com.alibaba.excel.context.WriteContextImpl:91 - Initialization &apos;WriteContextImpl&apos; complete
2020-12-05 11:07:42.564 DEBUG [main] com.alibaba.excel.metadata.property.ExcelHeadProperty:92 - The initialization sheet/table &apos;ExcelHeadProperty&apos; is complete , head kind is CLASS
2020-12-05 11:07:42.564 DEBUG [main] com.alibaba.excel.context.WriteContextImpl:157 - CurrentConfiguration is writeSheetHolder
2020-12-05 11:07:42.565 DEBUG [main] com.alibaba.excel.context.WriteContextImpl:199 - Can not find sheet:0 ,now create it
</system-out>
  </testcase>
  <testcase classname="com.alibaba.easyexcel.test.core.encrypt.EncryptDataTest" name="t02ReadAndWrite03" time="0.499"/>
  <testcase classname="com.alibaba.easyexcel.test.core.encrypt.EncryptDataTest" name="t03ReadAndWriteStream07" time="0.509"/>
  <testcase classname="com.alibaba.easyexcel.test.core.encrypt.EncryptDataTest" name="t04ReadAndWriteStream03" time="0.037"/>
</testsuite>